<?xml version="1.0" encoding="UTF-8"?>
<!-- Generated by org.testng.reporters.JUnitXMLReporter -->
<testsuite ignored="0" hostname="LAPTOP-1P281OBL" failures="0" tests="6" name="Test" time="0.056" errors="0" timestamp="13 Apr 2020 11:42:58 GMT">
  <testcase classname="qaclickacademy.AppiumTest$SeleniumTest" name="IOSApps" time="0.014"/>
  <testcase classname="qaclickacademy.AppiumTest$SeleniumTest" name="NativeAppAndroid" time="0.001"/>
  <testcase classname="qaclickacademy.SeleniumTest" name="BrowserAutomation" time="0.0"/>
  <testcase classname="qaclickacademy.SeleniumTest" name="ElementsUI" time="0.0"/>
  <testcase classname="qaclickacademy.RESTAPITest$SeleniumTest" name="PostJira" time="0.0"/>
  <testcase classname="qaclickacademy.RESTAPITest$SeleniumTest" name="TwitterDefect" time="0.0"/>
</testsuite> <!-- Test -->
