<?xml version="1.0" encoding="UTF-8"?>
<testng-results ignored="0" total="6" passed="6" failed="0" skipped="0">
  <reporter-output>
  </reporter-output>
  <suite started-at="2020-04-13T11:42:58Z" name="Suite" finished-at="2020-04-13T11:42:58Z" duration-ms="56">
    <groups>
    </groups>
    <test started-at="2020-04-13T11:42:58Z" name="Test" finished-at="2020-04-13T11:42:58Z" duration-ms="56">
      <class name="qaclickacademy.RESTAPITest$SeleniumTest">
        <test-method signature="PostJira()[pri:0, instance:qaclickacademy.RESTAPITest$SeleniumTest@2053d869]" started-at="2020-04-13T17:12:58Z" name="PostJira" finished-at="2020-04-13T17:12:58Z" duration-ms="0" status="PASS">
          <reporter-output>
          </reporter-output>
        </test-method> <!-- PostJira -->
        <test-method signature="TwitterDefect()[pri:0, instance:qaclickacademy.RESTAPITest$SeleniumTest@2053d869]" started-at="2020-04-13T17:12:58Z" name="TwitterDefect" finished-at="2020-04-13T17:12:58Z" duration-ms="0" status="PASS">
          <reporter-output>
          </reporter-output>
        </test-method> <!-- TwitterDefect -->
      </class> <!-- qaclickacademy.RESTAPITest$SeleniumTest -->
      <class name="qaclickacademy.AppiumTest$SeleniumTest">
        <test-method signature="IOSApps()[pri:0, instance:qaclickacademy.AppiumTest$SeleniumTest@3fb1549b]" started-at="2020-04-13T17:12:58Z" name="IOSApps" finished-at="2020-04-13T17:12:58Z" duration-ms="14" status="PASS">
          <reporter-output>
          </reporter-output>
        </test-method> <!-- IOSApps -->
        <test-method signature="NativeAppAndroid()[pri:0, instance:qaclickacademy.AppiumTest$SeleniumTest@3fb1549b]" started-at="2020-04-13T17:12:58Z" name="NativeAppAndroid" finished-at="2020-04-13T17:12:58Z" duration-ms="1" status="PASS">
          <reporter-output>
          </reporter-output>
        </test-method> <!-- NativeAppAndroid -->
      </class> <!-- qaclickacademy.AppiumTest$SeleniumTest -->
      <class name="qaclickacademy.SeleniumTest">
        <test-method signature="BrowserAutomation()[pri:0, instance:qaclickacademy.SeleniumTest@1e683a3e]" started-at="2020-04-13T17:12:58Z" name="BrowserAutomation" finished-at="2020-04-13T17:12:58Z" duration-ms="0" status="PASS">
          <reporter-output>
          </reporter-output>
        </test-method> <!-- BrowserAutomation -->
        <test-method signature="ElementsUI()[pri:0, instance:qaclickacademy.SeleniumTest@1e683a3e]" started-at="2020-04-13T17:12:58Z" name="ElementsUI" finished-at="2020-04-13T17:12:58Z" duration-ms="0" status="PASS">
          <reporter-output>
          </reporter-output>
        </test-method> <!-- ElementsUI -->
      </class> <!-- qaclickacademy.SeleniumTest -->
    </test> <!-- Test -->
  </suite> <!-- Suite -->
</testng-results>
